# JRE version: Java(TM) SE Runtime Environment (8.0_66-b18) (build 1.8.0_66-b18)
# Java VM: Java HotSpot(TM) 64-Bit Server VM (25.66-b18 mixed mode windows-amd64 compressed oops)
Heap:
 PSYoungGen      total 388096K, used 168806K [0x000000076ab00000, 0x0000000791500000, 0x00000007c0000000)
  eden space 333824K, 34% used [0x000000076ab00000,0x0000000771ae1500,0x000000077f100000)
  from space 54272K, 99% used [0x000000078e000000,0x00000007914f8368,0x0000000791500000)
  to   space 69120K, 0% used [0x0000000788e00000,0x0000000788e00000,0x000000078d180000)
 ParOldGen       total 177664K, used 98364K [0x00000006c0000000, 0x00000006cad80000, 0x000000076ab00000)
  object space 177664K, 55% used [0x00000006c0000000,0x00000006c600f230,0x00000006cad80000)
 Metaspace       used 6646K, capacity 7320K, committed 7680K, reserved 1056768K
  class space    used 627K, capacity 656K, committed 768K, reserved 1048576K
GC Heap History (10 events):
Event: 6.741 GC heap before
{Heap before GC invocations=5 (full 0):
 PSYoungGen      total 138240K, used 138221K [0x000000076ab00000, 0x0000000773700000, 0x00000007c0000000)
  eden space 133120K, 100% used [0x000000076ab00000,0x0000000772d00000,0x0000000772d00000)
  from space 5120K, 99% used [0x0000000773200000,0x00000007736fb4e8,0x0000000773700000)
  to   space 5120K, 0% used [0x0000000772d00000,0x0000000772d00000,0x0000000773200000)
 ParOldGen       total 87552K, used 26869K [0x00000006c0000000, 0x00000006c5580000, 0x000000076ab00000)
  object space 87552K, 30% used [0x00000006c0000000,0x00000006c1a3d5e0,0x00000006c5580000)
 Metaspace       used 6517K, capacity 7192K, committed 7424K, reserved 1056768K
  class space    used 622K, capacity 656K, committed 768K, reserved 1048576K
Event: 6.928 GC heap after
Heap after GC invocations=5 (full 0):
 PSYoungGen      total 138240K, used 5112K [0x000000076ab00000, 0x000000077e400000, 0x00000007c0000000)
  eden space 133120K, 0% used [0x000000076ab00000,0x000000076ab00000,0x0000000772d00000)
  from space 5120K, 99% used [0x0000000772d00000,0x00000007731fe000,0x0000000773200000)
  to   space 27136K, 0% used [0x000000077c980000,0x000000077c980000,0x000000077e400000)
 ParOldGen       total 87552K, used 46810K [0x00000006c0000000, 0x00000006c5580000, 0x000000076ab00000)
  object space 87552K, 53% used [0x00000006c0000000,0x00000006c2db6938,0x00000006c5580000)
 Metaspace       used 6517K, capacity 7192K, committed 7424K, reserved 1056768K
  class space    used 622K, capacity 656K, committed 768K, reserved 1048576K
}
Event: 8.758 GC heap before
{Heap before GC invocations=6 (full 0):
 PSYoungGen      total 138240K, used 138232K [0x000000076ab00000, 0x000000077e400000, 0x00000007c0000000)
  eden space 133120K, 100% used [0x000000076ab00000,0x0000000772d00000,0x0000000772d00000)
  from space 5120K, 99% used [0x0000000772d00000,0x00000007731fe000,0x0000000773200000)
  to   space 27136K, 0% used [0x000000077c980000,0x000000077c980000,0x000000077e400000)
 ParOldGen       total 87552K, used 46810K [0x00000006c0000000, 0x00000006c5580000, 0x000000076ab00000)
  object space 87552K, 53% used [0x00000006c0000000,0x00000006c2db6938,0x00000006c5580000)
 Metaspace       used 6565K, capacity 7256K, committed 7424K, reserved 1056768K
  class space    used 622K, capacity 656K, committed 768K, reserved 1048576K
Event: 8.992 GC heap after
Heap after GC invocations=6 (full 0):
 PSYoungGen      total 289280K, used 25903K [0x000000076ab00000, 0x000000077ec00000, 0x00000007c0000000)
  eden space 262144K, 0% used [0x000000076ab00000,0x000000076ab00000,0x000000077ab00000)
  from space 27136K, 95% used [0x000000077c980000,0x000000077e2cbd80,0x000000077e400000)
  to   space 31232K, 0% used [0x000000077ab00000,0x000000077ab00000,0x000000077c980000)
 ParOldGen       total 87552K, used 46810K [0x00000006c0000000, 0x00000006c5580000, 0x000000076ab00000)
  object space 87552K, 53% used [0x00000006c0000000,0x00000006c2db6938,0x00000006c5580000)
 Metaspace       used 6565K, capacity 7256K, committed 7424K, reserved 1056768K
  class space    used 622K, capacity 656K, committed 768K, reserved 1048576K
}
Event: 12.491 GC heap before
{Heap before GC invocations=7 (full 0):
 PSYoungGen      total 289280K, used 288047K [0x000000076ab00000, 0x000000077ec00000, 0x00000007c0000000)
  eden space 262144K, 100% used [0x000000076ab00000,0x000000077ab00000,0x000000077ab00000)
  from space 27136K, 95% used [0x000000077c980000,0x000000077e2cbd80,0x000000077e400000)
  to   space 31232K, 0% used [0x000000077ab00000,0x000000077ab00000,0x000000077c980000)
 ParOldGen       total 87552K, used 46810K [0x00000006c0000000, 0x00000006c5580000, 0x000000076ab00000)
  object space 87552K, 53% used [0x00000006c0000000,0x00000006c2db6938,0x00000006c5580000)
 Metaspace       used 6573K, capacity 7256K, committed 7424K, reserved 1056768K
  class space    used 622K, capacity 656K, committed 768K, reserved 1048576K
Event: 12.978 GC heap after
Heap after GC invocations=7 (full 0):
 PSYoungGen      total 293376K, used 31202K [0x000000076ab00000, 0x0000000791500000, 0x00000007c0000000)
  eden space 262144K, 0% used [0x000000076ab00000,0x000000076ab00000,0x000000077ab00000)
  from space 31232K, 99% used [0x000000077ab00000,0x000000077c978ba8,0x000000077c980000)
  to   space 54272K, 0% used [0x000000078e000000,0x000000078e000000,0x0000000791500000)
 ParOldGen       total 87552K, used 81646K [0x00000006c0000000, 0x00000006c5580000, 0x000000076ab00000)
  object space 87552K, 93% used [0x00000006c0000000,0x00000006c4fbbb08,0x00000006c5580000)
 Metaspace       used 6573K, capacity 7256K, committed 7424K, reserved 1056768K
  class space    used 622K, capacity 656K, committed 768K, reserved 1048576K
}
Event: 12.978 GC heap before
{Heap before GC invocations=8 (full 1):
 PSYoungGen      total 293376K, used 31202K [0x000000076ab00000, 0x0000000791500000, 0x00000007c0000000)
  eden space 262144K, 0% used [0x000000076ab00000,0x000000076ab00000,0x000000077ab00000)
  from space 31232K, 99% used [0x000000077ab00000,0x000000077c978ba8,0x000000077c980000)
  to   space 54272K, 0% used [0x000000078e000000,0x000000078e000000,0x0000000791500000)
 ParOldGen       total 87552K, used 81646K [0x00000006c0000000, 0x00000006c5580000, 0x000000076ab00000)
  object space 87552K, 93% used [0x00000006c0000000,0x00000006c4fbbb08,0x00000006c5580000)
 Metaspace       used 6573K, capacity 7256K, committed 7424K, reserved 1056768K
  class space    used 622K, capacity 656K, committed 768K, reserved 1048576K
Event: 16.493 GC heap after
Heap after GC invocations=8 (full 1):
 PSYoungGen      total 293376K, used 19872K [0x000000076ab00000, 0x0000000791500000, 0x00000007c0000000)
  eden space 262144K, 0% used [0x000000076ab00000,0x000000076ab00000,0x000000077ab00000)
  from space 31232K, 63% used [0x000000077ab00000,0x000000077be68168,0x000000077c980000)
  to   space 54272K, 0% used [0x000000078e000000,0x000000078e000000,0x0000000791500000)
 ParOldGen       total 177664K, used 87459K [0x00000006c0000000, 0x00000006cad80000, 0x000000076ab00000)
  object space 177664K, 49% used [0x00000006c0000000,0x00000006c5568f08,0x00000006cad80000)
 Metaspace       used 6573K, capacity 7256K, committed 7424K, reserved 1056768K
  class space    used 622K, capacity 656K, committed 768K, reserved 1048576K
}
Event: 19.912 GC heap before
{Heap before GC invocations=9 (full 1):
 PSYoungGen      total 293376K, used 282016K [0x000000076ab00000, 0x0000000791500000, 0x00000007c0000000)
  eden space 262144K, 100% used [0x000000076ab00000,0x000000077ab00000,0x000000077ab00000)
  from space 31232K, 63% used [0x000000077ab00000,0x000000077be68168,0x000000077c980000)
  to   space 54272K, 0% used [0x000000078e000000,0x000000078e000000,0x0000000791500000)
 ParOldGen       total 177664K, used 87459K [0x00000006c0000000, 0x00000006cad80000, 0x000000076ab00000)
  object space 177664K, 49% used [0x00000006c0000000,0x00000006c5568f08,0x00000006cad80000)
 Metaspace       used 6644K, capacity 7320K, committed 7680K, reserved 1056768K
  class space    used 627K, capacity 656K, committed 768K, reserved 1048576K
Event: 20.480 GC heap after
Heap after GC invocations=9 (full 1):
 PSYoungGen      total 388096K, used 54240K [0x000000076ab00000, 0x0000000791500000, 0x00000007c0000000)
  eden space 333824K, 0% used [0x000000076ab00000,0x000000076ab00000,0x000000077f100000)
  from space 54272K, 99% used [0x000000078e000000,0x00000007914f8368,0x0000000791500000)
  to   space 69120K, 0% used [0x0000000788e00000,0x0000000788e00000,0x000000078d180000)
 ParOldGen       total 177664K, used 98364K [0x00000006c0000000, 0x00000006cad80000, 0x000000076ab00000)
  object space 177664K, 55% used [0x00000006c0000000,0x00000006c600f230,0x00000006cad80000)
 Metaspace       used 6644K, capacity 7320K, committed 7680K, reserved 1056768K
  class space    used 627K, capacity 656K, committed 768K, reserved 1048576K
}

