# JRE version: Java(TM) SE Runtime Environment (8.0_66-b18) (build 1.8.0_66-b18)
# Java VM: Java HotSpot(TM) 64-Bit Server VM (25.66-b18 mixed mode windows-amd64 compressed oops)
Heap:
 PSYoungGen      total 466432K, used 68524K [0x000000076ab00000, 0x0000000797e00000, 0x00000007c0000000)
  eden space 443904K, 15% used [0x000000076ab00000,0x000000076edeb3f8,0x0000000785c80000)
  from space 22528K, 0% used [0x000000078d200000,0x000000078d200000,0x000000078e800000)
  to   space 120320K, 0% used [0x0000000785c80000,0x0000000785c80000,0x000000078d200000)
 ParOldGen       total 237568K, used 237543K [0x00000006c0000000, 0x00000006ce800000, 0x000000076ab00000)
  object space 237568K, 99% used [0x00000006c0000000,0x00000006ce7f9f00,0x00000006ce800000)
 Metaspace       used 7015K, capacity 7608K, committed 7936K, reserved 1056768K
  class space    used 644K, capacity 688K, committed 768K, reserved 1048576K
GC Heap History (10 events):
Event: 7.313 GC heap before
{Heap before GC invocations=9 (full 1):
 PSYoungGen      total 293376K, used 279500K [0x000000076ab00000, 0x0000000791200000, 0x00000007c0000000)
  eden space 262144K, 100% used [0x000000076ab00000,0x000000077ab00000,0x000000077ab00000)
  from space 31232K, 55% used [0x000000077ab00000,0x000000077bbf3140,0x000000077c980000)
  to   space 52736K, 0% used [0x000000078de80000,0x000000078de80000,0x0000000791200000)
 ParOldGen       total 175104K, used 87487K [0x00000006c0000000, 0x00000006cab00000, 0x000000076ab00000)
  object space 175104K, 49% used [0x00000006c0000000,0x00000006c556fcf0,0x00000006cab00000)
 Metaspace       used 6636K, capacity 7320K, committed 7680K, reserved 1056768K
  class space    used 626K, capacity 656K, committed 768K, reserved 1048576K
Event: 7.448 GC heap after
Heap after GC invocations=9 (full 1):
 PSYoungGen      total 391168K, used 52715K [0x000000076ab00000, 0x0000000791200000, 0x00000007c0000000)
  eden space 338432K, 0% used [0x000000076ab00000,0x000000076ab00000,0x000000077f580000)
  from space 52736K, 99% used [0x000000078de80000,0x00000007911faf40,0x0000000791200000)
  to   space 65536K, 0% used [0x0000000789200000,0x0000000789200000,0x000000078d200000)
 ParOldGen       total 175104K, used 95794K [0x00000006c0000000, 0x00000006cab00000, 0x000000076ab00000)
  object space 175104K, 54% used [0x00000006c0000000,0x00000006c5d8ca40,0x00000006cab00000)
 Metaspace       used 6636K, capacity 7320K, committed 7680K, reserved 1056768K
  class space    used 626K, capacity 656K, committed 768K, reserved 1048576K
}
Event: 9.299 GC heap before
{Heap before GC invocations=10 (full 1):
 PSYoungGen      total 391168K, used 391147K [0x000000076ab00000, 0x0000000791200000, 0x00000007c0000000)
  eden space 338432K, 100% used [0x000000076ab00000,0x000000077f580000,0x000000077f580000)
  from space 52736K, 99% used [0x000000078de80000,0x00000007911faf40,0x0000000791200000)
  to   space 65536K, 0% used [0x0000000789200000,0x0000000789200000,0x000000078d200000)
 ParOldGen       total 175104K, used 95794K [0x00000006c0000000, 0x00000006cab00000, 0x000000076ab00000)
  object space 175104K, 54% used [0x00000006c0000000,0x00000006c5d8ca40,0x00000006cab00000)
 Metaspace       used 6652K, capacity 7320K, committed 7680K, reserved 1056768K
  class space    used 626K, capacity 656K, committed 768K, reserved 1048576K
Event: 9.524 GC heap after
Heap after GC invocations=10 (full 1):
 PSYoungGen      total 467968K, used 65528K [0x000000076ab00000, 0x000000078e800000, 0x00000007c0000000)
  eden space 402432K, 0% used [0x000000076ab00000,0x000000076ab00000,0x0000000783400000)
  from space 65536K, 99% used [0x0000000789200000,0x000000078d1fe210,0x000000078d200000)
  to   space 22528K, 0% used [0x000000078d200000,0x000000078d200000,0x000000078e800000)
 ParOldGen       total 175104K, used 133527K [0x00000006c0000000, 0x00000006cab00000, 0x000000076ab00000)
  object space 175104K, 76% used [0x00000006c0000000,0x00000006c8265c78,0x00000006cab00000)
 Metaspace       used 6652K, capacity 7320K, committed 7680K, reserved 1056768K
  class space    used 626K, capacity 656K, committed 768K, reserved 1048576K
}
Event: 11.800 GC heap before
{Heap before GC invocations=11 (full 1):
 PSYoungGen      total 467968K, used 467960K [0x000000076ab00000, 0x000000078e800000, 0x00000007c0000000)
  eden space 402432K, 100% used [0x000000076ab00000,0x0000000783400000,0x0000000783400000)
  from space 65536K, 99% used [0x0000000789200000,0x000000078d1fe210,0x000000078d200000)
  to   space 22528K, 0% used [0x000000078d200000,0x000000078d200000,0x000000078e800000)
 ParOldGen       total 175104K, used 133527K [0x00000006c0000000, 0x00000006cab00000, 0x000000076ab00000)
  object space 175104K, 76% used [0x00000006c0000000,0x00000006c8265c78,0x00000006cab00000)
 Metaspace       used 6664K, capacity 7320K, committed 7680K, reserved 1056768K
  class space    used 626K, capacity 656K, committed 768K, reserved 1048576K
Event: 12.479 GC heap after
Heap after GC invocations=11 (full 1):
 PSYoungGen      total 466432K, used 22504K [0x000000076ab00000, 0x0000000797e00000, 0x00000007c0000000)
  eden space 443904K, 0% used [0x000000076ab00000,0x000000076ab00000,0x0000000785c80000)
  from space 22528K, 99% used [0x000000078d200000,0x000000078e7fa150,0x000000078e800000)
  to   space 120320K, 0% used [0x0000000785c80000,0x0000000785c80000,0x000000078d200000)
 ParOldGen       total 237568K, used 237547K [0x00000006c0000000, 0x00000006ce800000, 0x000000076ab00000)
  object space 237568K, 99% used [0x00000006c0000000,0x00000006ce7faeb0,0x00000006ce800000)
 Metaspace       used 6664K, capacity 7320K, committed 7680K, reserved 1056768K
  class space    used 626K, capacity 656K, committed 768K, reserved 1048576K
}
Event: 12.479 GC heap before
{Heap before GC invocations=12 (full 2):
 PSYoungGen      total 466432K, used 22504K [0x000000076ab00000, 0x0000000797e00000, 0x00000007c0000000)
  eden space 443904K, 0% used [0x000000076ab00000,0x000000076ab00000,0x0000000785c80000)
  from space 22528K, 99% used [0x000000078d200000,0x000000078e7fa150,0x000000078e800000)
  to   space 120320K, 0% used [0x0000000785c80000,0x0000000785c80000,0x000000078d200000)
 ParOldGen       total 237568K, used 237547K [0x00000006c0000000, 0x00000006ce800000, 0x000000076ab00000)
  object space 237568K, 99% used [0x00000006c0000000,0x00000006ce7faeb0,0x00000006ce800000)
 Metaspace       used 6664K, capacity 7320K, committed 7680K, reserved 1056768K
  class space    used 626K, capacity 656K, committed 768K, reserved 1048576K
Event: 14.979 GC heap after
Heap after GC invocations=12 (full 2):
 PSYoungGen      total 466432K, used 14260K [0x000000076ab00000, 0x0000000797e00000, 0x00000007c0000000)
  eden space 443904K, 0% used [0x000000076ab00000,0x000000076ab00000,0x0000000785c80000)
  from space 22528K, 63% used [0x000000078d200000,0x000000078dfed2c0,0x000000078e800000)
  to   space 120320K, 0% used [0x0000000785c80000,0x0000000785c80000,0x000000078d200000)
 ParOldGen       total 237568K, used 237253K [0x00000006c0000000, 0x00000006ce800000, 0x000000076ab00000)
  object space 237568K, 99% used [0x00000006c0000000,0x00000006ce7b1728,0x00000006ce800000)
 Metaspace       used 6664K, capacity 7320K, committed 7680K, reserved 1056768K
  class space    used 626K, capacity 656K, committed 768K, reserved 1048576K
}
Event: 18.555 GC heap before
{Heap before GC invocations=13 (full 3):
 PSYoungGen      total 466432K, used 458164K [0x000000076ab00000, 0x0000000797e00000, 0x00000007c0000000)
  eden space 443904K, 100% used [0x000000076ab00000,0x0000000785c80000,0x0000000785c80000)
  from space 22528K, 63% used [0x000000078d200000,0x000000078dfed2c0,0x000000078e800000)
  to   space 120320K, 0% used [0x0000000785c80000,0x0000000785c80000,0x000000078d200000)
 ParOldGen       total 237568K, used 237253K [0x00000006c0000000, 0x00000006ce800000, 0x000000076ab00000)
  object space 237568K, 99% used [0x00000006c0000000,0x00000006ce7b1728,0x00000006ce800000)
 Metaspace       used 7005K, capacity 7608K, committed 7936K, reserved 1056768K
  class space    used 644K, capacity 688K, committed 768K, reserved 1048576K
Event: 21.442 GC heap after
Heap after GC invocations=13 (full 3):
 PSYoungGen      total 466432K, used 43030K [0x000000076ab00000, 0x0000000797e00000, 0x00000007c0000000)
  eden space 443904K, 9% used [0x000000076ab00000,0x000000076d505990,0x0000000785c80000)
  from space 22528K, 0% used [0x000000078d200000,0x000000078d200000,0x000000078e800000)
  to   space 120320K, 0% used [0x0000000785c80000,0x0000000785c80000,0x000000078d200000)
 ParOldGen       total 237568K, used 237543K [0x00000006c0000000, 0x00000006ce800000, 0x000000076ab00000)
  object space 237568K, 99% used [0x00000006c0000000,0x00000006ce7f9f00,0x00000006ce800000)
 Metaspace       used 7005K, capacity 7608K, committed 7936K, reserved 1056768K
  class space    used 644K, capacity 688K, committed 768K, reserved 1048576K
}

