# JRE version: Java(TM) SE Runtime Environment (8.0_66-b18) (build 1.8.0_66-b18)
# Java VM: Java HotSpot(TM) 64-Bit Server VM (25.66-b18 mixed mode windows-amd64 compressed oops)
Heap:
 PSYoungGen      total 406528K, used 206179K [0x000000076ab00000, 0x000000078df80000, 0x00000007c0000000)
  eden space 392704K, 48% used [0x000000076ab00000,0x00000007766dc980,0x0000000782a80000)
  from space 13824K, 99% used [0x000000078d200000,0x000000078df7c670,0x000000078df80000)
  to   space 66560K, 0% used [0x0000000789100000,0x0000000789100000,0x000000078d200000)
 ParOldGen       total 363008K, used 293873K [0x00000006c0000000, 0x00000006d6280000, 0x000000076ab00000)
  object space 363008K, 80% used [0x00000006c0000000,0x00000006d1efc778,0x00000006d6280000)
 Metaspace       used 7675K, capacity 7960K, committed 8192K, reserved 1056768K
  class space    used 702K, capacity 720K, committed 768K, reserved 1048576K
GC Heap History (10 events):
Event: 7.525 GC heap before
{Heap before GC invocations=9 (full 1):
 PSYoungGen      total 293376K, used 279983K [0x000000076ab00000, 0x0000000791300000, 0x00000007c0000000)
  eden space 262144K, 100% used [0x000000076ab00000,0x000000077ab00000,0x000000077ab00000)
  from space 31232K, 57% used [0x000000077ab00000,0x000000077bc6bca8,0x000000077c980000)
  to   space 53248K, 0% used [0x000000078df00000,0x000000078df00000,0x0000000791300000)
 ParOldGen       total 176128K, used 87238K [0x00000006c0000000, 0x00000006cac00000, 0x000000076ab00000)
  object space 176128K, 49% used [0x00000006c0000000,0x00000006c5531ae8,0x00000006cac00000)
 Metaspace       used 6635K, capacity 7320K, committed 7680K, reserved 1056768K
  class space    used 626K, capacity 656K, committed 768K, reserved 1048576K
Event: 7.701 GC heap after
Heap after GC invocations=9 (full 1):
 PSYoungGen      total 383488K, used 53239K [0x000000076ab00000, 0x0000000791300000, 0x00000007c0000000)
  eden space 330240K, 0% used [0x000000076ab00000,0x000000076ab00000,0x000000077ed80000)
  from space 53248K, 99% used [0x000000078df00000,0x00000007912fded0,0x0000000791300000)
  to   space 66560K, 0% used [0x0000000789100000,0x0000000789100000,0x000000078d200000)
 ParOldGen       total 176128K, used 96255K [0x00000006c0000000, 0x00000006cac00000, 0x000000076ab00000)
  object space 176128K, 54% used [0x00000006c0000000,0x00000006c5dfffa0,0x00000006cac00000)
 Metaspace       used 6635K, capacity 7320K, committed 7680K, reserved 1056768K
  class space    used 626K, capacity 656K, committed 768K, reserved 1048576K
}
Event: 9.083 GC heap before
{Heap before GC invocations=10 (full 1):
 PSYoungGen      total 383488K, used 383479K [0x000000076ab00000, 0x0000000791300000, 0x00000007c0000000)
  eden space 330240K, 100% used [0x000000076ab00000,0x000000077ed80000,0x000000077ed80000)
  from space 53248K, 99% used [0x000000078df00000,0x00000007912fded0,0x0000000791300000)
  to   space 66560K, 0% used [0x0000000789100000,0x0000000789100000,0x000000078d200000)
 ParOldGen       total 176128K, used 96255K [0x00000006c0000000, 0x00000006cac00000, 0x000000076ab00000)
  object space 176128K, 54% used [0x00000006c0000000,0x00000006c5dfffa0,0x00000006cac00000)
 Metaspace       used 6652K, capacity 7320K, committed 7680K, reserved 1056768K
  class space    used 626K, capacity 656K, committed 768K, reserved 1048576K
Event: 9.348 GC heap after
Heap after GC invocations=10 (full 1):
 PSYoungGen      total 459264K, used 66557K [0x000000076ab00000, 0x000000078df80000, 0x00000007c0000000)
  eden space 392704K, 0% used [0x000000076ab00000,0x000000076ab00000,0x0000000782a80000)
  from space 66560K, 99% used [0x0000000789100000,0x000000078d1ff448,0x000000078d200000)
  to   space 13824K, 0% used [0x000000078d200000,0x000000078d200000,0x000000078df80000)
 ParOldGen       total 176128K, used 131291K [0x00000006c0000000, 0x00000006cac00000, 0x000000076ab00000)
  object space 176128K, 74% used [0x00000006c0000000,0x00000006c8036ec8,0x00000006cac00000)
 Metaspace       used 6652K, capacity 7320K, committed 7680K, reserved 1056768K
  class space    used 626K, capacity 656K, committed 768K, reserved 1048576K
}
Event: 10.738 GC heap before
{Heap before GC invocations=11 (full 1):
 PSYoungGen      total 459264K, used 459261K [0x000000076ab00000, 0x000000078df80000, 0x00000007c0000000)
  eden space 392704K, 100% used [0x000000076ab00000,0x0000000782a80000,0x0000000782a80000)
  from space 66560K, 99% used [0x0000000789100000,0x000000078d1ff448,0x000000078d200000)
  to   space 13824K, 0% used [0x000000078d200000,0x000000078d200000,0x000000078df80000)
 ParOldGen       total 176128K, used 131291K [0x00000006c0000000, 0x00000006cac00000, 0x000000076ab00000)
  object space 176128K, 74% used [0x00000006c0000000,0x00000006c8036ec8,0x00000006cac00000)
 Metaspace       used 6661K, capacity 7320K, committed 7680K, reserved 1056768K
  class space    used 626K, capacity 656K, committed 768K, reserved 1048576K
Event: 11.174 GC heap after
Heap after GC invocations=11 (full 1):
 PSYoungGen      total 459264K, used 459261K [0x000000076ab00000, 0x000000078df80000, 0x00000007c0000000)
  eden space 392704K, 100% used [0x000000076ab00000,0x0000000782a80000,0x0000000782a80000)
  from space 66560K, 99% used [0x0000000789100000,0x000000078d1ff448,0x000000078d200000)
  to   space 13824K, 99% used [0x000000078d200000,0x000000078df7b1b0,0x000000078df80000)
 ParOldGen       total 228352K, used 227980K [0x00000006c0000000, 0x00000006cdf00000, 0x000000076ab00000)
  object space 228352K, 99% used [0x00000006c0000000,0x00000006cdea32e0,0x00000006cdf00000)
 Metaspace       used 6661K, capacity 7320K, committed 7680K, reserved 1056768K
  class space    used 626K, capacity 656K, committed 768K, reserved 1048576K
}
Event: 11.174 GC heap before
{Heap before GC invocations=12 (full 2):
 PSYoungGen      total 459264K, used 459261K [0x000000076ab00000, 0x000000078df80000, 0x00000007c0000000)
  eden space 392704K, 100% used [0x000000076ab00000,0x0000000782a80000,0x0000000782a80000)
  from space 66560K, 99% used [0x0000000789100000,0x000000078d1ff448,0x000000078d200000)
  to   space 13824K, 99% used [0x000000078d200000,0x000000078df7b1b0,0x000000078df80000)
 ParOldGen       total 228352K, used 227980K [0x00000006c0000000, 0x00000006cdf00000, 0x000000076ab00000)
  object space 228352K, 99% used [0x00000006c0000000,0x00000006cdea32e0,0x00000006cdf00000)
 Metaspace       used 6661K, capacity 7320K, committed 7680K, reserved 1056768K
  class space    used 626K, capacity 656K, committed 768K, reserved 1048576K
Event: 13.956 GC heap after
Heap after GC invocations=12 (full 2):
 PSYoungGen      total 459264K, used 20428K [0x000000076ab00000, 0x000000078df80000, 0x00000007c0000000)
  eden space 392704K, 5% used [0x000000076ab00000,0x000000076bef3130,0x0000000782a80000)
  from space 66560K, 0% used [0x0000000789100000,0x0000000789100000,0x000000078d200000)
  to   space 13824K, 0% used [0x000000078d200000,0x000000078d200000,0x000000078df80000)
 ParOldGen       total 363008K, used 228329K [0x00000006c0000000, 0x00000006d6280000, 0x000000076ab00000)
  object space 363008K, 62% used [0x00000006c0000000,0x00000006cdefa708,0x00000006d6280000)
 Metaspace       used 6661K, capacity 7320K, committed 7680K, reserved 1056768K
  class space    used 626K, capacity 656K, committed 768K, reserved 1048576K
}
Event: 15.444 GC heap before
{Heap before GC invocations=13 (full 2):
 PSYoungGen      total 459264K, used 392704K [0x000000076ab00000, 0x000000078df80000, 0x00000007c0000000)
  eden space 392704K, 100% used [0x000000076ab00000,0x0000000782a80000,0x0000000782a80000)
  from space 66560K, 0% used [0x0000000789100000,0x0000000789100000,0x000000078d200000)
  to   space 13824K, 0% used [0x000000078d200000,0x000000078d200000,0x000000078df80000)
 ParOldGen       total 363008K, used 228329K [0x00000006c0000000, 0x00000006d6280000, 0x000000076ab00000)
  object space 363008K, 62% used [0x00000006c0000000,0x00000006cdefa708,0x00000006d6280000)
 Metaspace       used 6670K, capacity 7320K, committed 7680K, reserved 1056768K
  class space    used 627K, capacity 656K, committed 768K, reserved 1048576K
Event: 15.667 GC heap after
Heap after GC invocations=13 (full 2):
 PSYoungGen      total 406528K, used 13809K [0x000000076ab00000, 0x000000078df80000, 0x00000007c0000000)
  eden space 392704K, 0% used [0x000000076ab00000,0x000000076ab00000,0x0000000782a80000)
  from space 13824K, 99% used [0x000000078d200000,0x000000078df7c670,0x000000078df80000)
  to   space 66560K, 0% used [0x0000000789100000,0x0000000789100000,0x000000078d200000)
 ParOldGen       total 363008K, used 293873K [0x00000006c0000000, 0x00000006d6280000, 0x000000076ab00000)
  object space 363008K, 80% used [0x00000006c0000000,0x00000006d1efc778,0x00000006d6280000)
 Metaspace       used 6670K, capacity 7320K, committed 7680K, reserved 1056768K
  class space    used 627K, capacity 656K, committed 768K, reserved 1048576K
}

