# JRE version: Java(TM) SE Runtime Environment (8.0_66-b18) (build 1.8.0_66-b18)
# Java VM: Java HotSpot(TM) 64-Bit Server VM (25.66-b18 mixed mode windows-amd64 compressed oops)
Heap:
 PSYoungGen      total 293888K, used 65063K [0x000000076ab00000, 0x0000000791600000, 0x00000007c0000000)
  eden space 262144K, 16% used [0x000000076ab00000,0x000000076d62f1d0,0x000000077ab00000)
  from space 31744K, 65% used [0x000000077ab00000,0x000000077bf5ae28,0x000000077ca00000)
  to   space 54784K, 0% used [0x000000078e080000,0x000000078e080000,0x0000000791600000)
 ParOldGen       total 175616K, used 87382K [0x00000006c0000000, 0x00000006cab80000, 0x000000076ab00000)
  object space 175616K, 49% used [0x00000006c0000000,0x00000006c5555930,0x00000006cab80000)
 Metaspace       used 6628K, capacity 7256K, committed 7424K, reserved 1056768K
  class space    used 626K, capacity 656K, committed 768K, reserved 1048576K
GC Heap History (10 events):
Event: 4.531 GC heap before
{Heap before GC invocations=4 (full 0):
 PSYoungGen      total 71680K, used 71653K [0x000000076ab00000, 0x0000000773700000, 0x00000007c0000000)
  eden space 66560K, 100% used [0x000000076ab00000,0x000000076ec00000,0x000000076ec00000)
  from space 5120K, 99% used [0x000000076ec00000,0x000000076f0f94b0,0x000000076f100000)
  to   space 5120K, 0% used [0x0000000773200000,0x0000000773200000,0x0000000773700000)
 ParOldGen       total 87552K, used 17457K [0x00000006c0000000, 0x00000006c5580000, 0x000000076ab00000)
  object space 87552K, 19% used [0x00000006c0000000,0x00000006c110c758,0x00000006c5580000)
 Metaspace       used 6473K, capacity 7192K, committed 7424K, reserved 1056768K
  class space    used 621K, capacity 656K, committed 768K, reserved 1048576K
Event: 4.624 GC heap after
Heap after GC invocations=4 (full 0):
 PSYoungGen      total 138240K, used 5092K [0x000000076ab00000, 0x0000000773700000, 0x00000007c0000000)
  eden space 133120K, 0% used [0x000000076ab00000,0x000000076ab00000,0x0000000772d00000)
  from space 5120K, 99% used [0x0000000773200000,0x00000007736f9118,0x0000000773700000)
  to   space 5120K, 0% used [0x0000000772d00000,0x0000000772d00000,0x0000000773200000)
 ParOldGen       total 87552K, used 27454K [0x00000006c0000000, 0x00000006c5580000, 0x000000076ab00000)
  object space 87552K, 31% used [0x00000006c0000000,0x00000006c1acf888,0x00000006c5580000)
 Metaspace       used 6473K, capacity 7192K, committed 7424K, reserved 1056768K
  class space    used 621K, capacity 656K, committed 768K, reserved 1048576K
}
Event: 6.369 GC heap before
{Heap before GC invocations=5 (full 0):
 PSYoungGen      total 138240K, used 138212K [0x000000076ab00000, 0x0000000773700000, 0x00000007c0000000)
  eden space 133120K, 100% used [0x000000076ab00000,0x0000000772d00000,0x0000000772d00000)
  from space 5120K, 99% used [0x0000000773200000,0x00000007736f9118,0x0000000773700000)
  to   space 5120K, 0% used [0x0000000772d00000,0x0000000772d00000,0x0000000773200000)
 ParOldGen       total 87552K, used 27454K [0x00000006c0000000, 0x00000006c5580000, 0x000000076ab00000)
  object space 87552K, 31% used [0x00000006c0000000,0x00000006c1acf888,0x00000006c5580000)
 Metaspace       used 6526K, capacity 7192K, committed 7424K, reserved 1056768K
  class space    used 621K, capacity 656K, committed 768K, reserved 1048576K
Event: 6.541 GC heap after
Heap after GC invocations=5 (full 0):
 PSYoungGen      total 138240K, used 5115K [0x000000076ab00000, 0x000000077e500000, 0x00000007c0000000)
  eden space 133120K, 0% used [0x000000076ab00000,0x000000076ab00000,0x0000000772d00000)
  from space 5120K, 99% used [0x0000000772d00000,0x00000007731fed98,0x0000000773200000)
  to   space 27648K, 0% used [0x000000077ca00000,0x000000077ca00000,0x000000077e500000)
 ParOldGen       total 87552K, used 47579K [0x00000006c0000000, 0x00000006c5580000, 0x000000076ab00000)
  object space 87552K, 54% used [0x00000006c0000000,0x00000006c2e76c70,0x00000006c5580000)
 Metaspace       used 6526K, capacity 7192K, committed 7424K, reserved 1056768K
  class space    used 621K, capacity 656K, committed 768K, reserved 1048576K
}
Event: 8.133 GC heap before
{Heap before GC invocations=6 (full 0):
 PSYoungGen      total 138240K, used 138235K [0x000000076ab00000, 0x000000077e500000, 0x00000007c0000000)
  eden space 133120K, 100% used [0x000000076ab00000,0x0000000772d00000,0x0000000772d00000)
  from space 5120K, 99% used [0x0000000772d00000,0x00000007731fed98,0x0000000773200000)
  to   space 27648K, 0% used [0x000000077ca00000,0x000000077ca00000,0x000000077e500000)
 ParOldGen       total 87552K, used 47579K [0x00000006c0000000, 0x00000006c5580000, 0x000000076ab00000)
  object space 87552K, 54% used [0x00000006c0000000,0x00000006c2e76c70,0x00000006c5580000)
 Metaspace       used 6569K, capacity 7256K, committed 7424K, reserved 1056768K
  class space    used 621K, capacity 656K, committed 768K, reserved 1048576K
Event: 8.283 GC heap after
Heap after GC invocations=6 (full 0):
 PSYoungGen      total 289792K, used 26047K [0x000000076ab00000, 0x000000077ed00000, 0x00000007c0000000)
  eden space 262144K, 0% used [0x000000076ab00000,0x000000076ab00000,0x000000077ab00000)
  from space 27648K, 94% used [0x000000077ca00000,0x000000077e36fcf0,0x000000077e500000)
  to   space 31744K, 0% used [0x000000077ab00000,0x000000077ab00000,0x000000077ca00000)
 ParOldGen       total 87552K, used 47587K [0x00000006c0000000, 0x00000006c5580000, 0x000000076ab00000)
  object space 87552K, 54% used [0x00000006c0000000,0x00000006c2e78c70,0x00000006c5580000)
 Metaspace       used 6569K, capacity 7256K, committed 7424K, reserved 1056768K
  class space    used 621K, capacity 656K, committed 768K, reserved 1048576K
}
Event: 11.945 GC heap before
{Heap before GC invocations=7 (full 0):
 PSYoungGen      total 289792K, used 288191K [0x000000076ab00000, 0x000000077ed00000, 0x00000007c0000000)
  eden space 262144K, 100% used [0x000000076ab00000,0x000000077ab00000,0x000000077ab00000)
  from space 27648K, 94% used [0x000000077ca00000,0x000000077e36fcf0,0x000000077e500000)
  to   space 31744K, 0% used [0x000000077ab00000,0x000000077ab00000,0x000000077ca00000)
 ParOldGen       total 87552K, used 47587K [0x00000006c0000000, 0x00000006c5580000, 0x000000076ab00000)
  object space 87552K, 54% used [0x00000006c0000000,0x00000006c2e78c70,0x00000006c5580000)
 Metaspace       used 6578K, capacity 7256K, committed 7424K, reserved 1056768K
  class space    used 622K, capacity 656K, committed 768K, reserved 1048576K
Event: 12.391 GC heap after
Heap after GC invocations=7 (full 0):
 PSYoungGen      total 293888K, used 31734K [0x000000076ab00000, 0x0000000791600000, 0x00000007c0000000)
  eden space 262144K, 0% used [0x000000076ab00000,0x000000076ab00000,0x000000077ab00000)
  from space 31744K, 99% used [0x000000077ab00000,0x000000077c9fdb78,0x000000077ca00000)
  to   space 54784K, 0% used [0x000000078e080000,0x000000078e080000,0x0000000791600000)
 ParOldGen       total 87552K, used 82341K [0x00000006c0000000, 0x00000006c5580000, 0x000000076ab00000)
  object space 87552K, 94% used [0x00000006c0000000,0x00000006c5069610,0x00000006c5580000)
 Metaspace       used 6578K, capacity 7256K, committed 7424K, reserved 1056768K
  class space    used 622K, capacity 656K, committed 768K, reserved 1048576K
}
Event: 12.391 GC heap before
{Heap before GC invocations=8 (full 1):
 PSYoungGen      total 293888K, used 31734K [0x000000076ab00000, 0x0000000791600000, 0x00000007c0000000)
  eden space 262144K, 0% used [0x000000076ab00000,0x000000076ab00000,0x000000077ab00000)
  from space 31744K, 99% used [0x000000077ab00000,0x000000077c9fdb78,0x000000077ca00000)
  to   space 54784K, 0% used [0x000000078e080000,0x000000078e080000,0x0000000791600000)
 ParOldGen       total 87552K, used 82341K [0x00000006c0000000, 0x00000006c5580000, 0x000000076ab00000)
  object space 87552K, 94% used [0x00000006c0000000,0x00000006c5069610,0x00000006c5580000)
 Metaspace       used 6578K, capacity 7256K, committed 7424K, reserved 1056768K
  class space    used 622K, capacity 656K, committed 768K, reserved 1048576K
Event: 14.314 GC heap after
Heap after GC invocations=8 (full 1):
 PSYoungGen      total 293888K, used 20843K [0x000000076ab00000, 0x0000000791600000, 0x00000007c0000000)
  eden space 262144K, 0% used [0x000000076ab00000,0x000000076ab00000,0x000000077ab00000)
  from space 31744K, 65% used [0x000000077ab00000,0x000000077bf5ae28,0x000000077ca00000)
  to   space 54784K, 0% used [0x000000078e080000,0x000000078e080000,0x0000000791600000)
 ParOldGen       total 175616K, used 87382K [0x00000006c0000000, 0x00000006cab80000, 0x000000076ab00000)
  object space 175616K, 49% used [0x00000006c0000000,0x00000006c5555930,0x00000006cab80000)
 Metaspace       used 6578K, capacity 7256K, committed 7424K, reserved 1056768K
  class space    used 622K, capacity 656K, committed 768K, reserved 1048576K
}

