# JRE version: Java(TM) SE Runtime Environment (8.0_66-b18) (build 1.8.0_66-b18)
# Java VM: Java HotSpot(TM) 64-Bit Server VM (25.66-b18 mixed mode windows-amd64 compressed oops)
Heap:
 PSYoungGen      total 485376K, used 54385K [0x000000076ab00000, 0x0000000790700000, 0x00000007c0000000)
  eden space 431104K, 2% used [0x000000076ab00000,0x000000076b3c13d8,0x0000000785000000)
  from space 54272K, 83% used [0x000000078d200000,0x000000078fe5b1b8,0x0000000790700000)
  to   space 66560K, 0% used [0x0000000789100000,0x0000000789100000,0x000000078d200000)
 ParOldGen       total 367104K, used 213881K [0x00000006c0000000, 0x00000006d6680000, 0x000000076ab00000)
  object space 367104K, 58% used [0x00000006c0000000,0x00000006cd0de6e8,0x00000006d6680000)
 Metaspace       used 6677K, capacity 7320K, committed 7680K, reserved 1056768K
  class space    used 628K, capacity 656K, committed 768K, reserved 1048576K
GC Heap History (10 events):
Event: 4.845 GC heap before
{Heap before GC invocations=8 (full 1):
 PSYoungGen      total 293376K, used 30704K [0x000000076ab00000, 0x0000000791300000, 0x00000007c0000000)
  eden space 262656K, 0% used [0x000000076ab00000,0x000000076ab00000,0x000000077ab80000)
  from space 30720K, 99% used [0x000000077ab80000,0x000000077c97c368,0x000000077c980000)
  to   space 52736K, 0% used [0x000000078df80000,0x000000078df80000,0x0000000791300000)
 ParOldGen       total 87552K, used 80337K [0x00000006c0000000, 0x00000006c5580000, 0x000000076ab00000)
  object space 87552K, 91% used [0x00000006c0000000,0x00000006c4e74670,0x00000006c5580000)
 Metaspace       used 6582K, capacity 7256K, committed 7424K, reserved 1056768K
  class space    used 622K, capacity 656K, committed 768K, reserved 1048576K
Event: 5.621 GC heap after
Heap after GC invocations=8 (full 1):
 PSYoungGen      total 293376K, used 17853K [0x000000076ab00000, 0x0000000791300000, 0x00000007c0000000)
  eden space 262656K, 0% used [0x000000076ab00000,0x000000076ab00000,0x000000077ab80000)
  from space 30720K, 58% used [0x000000077ab80000,0x000000077bcef738,0x000000077c980000)
  to   space 52736K, 0% used [0x000000078df80000,0x000000078df80000,0x0000000791300000)
 ParOldGen       total 174080K, used 87372K [0x00000006c0000000, 0x00000006caa00000, 0x000000076ab00000)
  object space 174080K, 50% used [0x00000006c0000000,0x00000006c5553040,0x00000006caa00000)
 Metaspace       used 6582K, capacity 7256K, committed 7424K, reserved 1056768K
  class space    used 622K, capacity 656K, committed 768K, reserved 1048576K
}
Event: 6.819 GC heap before
{Heap before GC invocations=9 (full 1):
 PSYoungGen      total 293376K, used 280509K [0x000000076ab00000, 0x0000000791300000, 0x00000007c0000000)
  eden space 262656K, 100% used [0x000000076ab00000,0x000000077ab80000,0x000000077ab80000)
  from space 30720K, 58% used [0x000000077ab80000,0x000000077bcef738,0x000000077c980000)
  to   space 52736K, 0% used [0x000000078df80000,0x000000078df80000,0x0000000791300000)
 ParOldGen       total 174080K, used 87372K [0x00000006c0000000, 0x00000006caa00000, 0x000000076ab00000)
  object space 174080K, 50% used [0x00000006c0000000,0x00000006c5553040,0x00000006caa00000)
 Metaspace       used 6648K, capacity 7320K, committed 7680K, reserved 1056768K
  class space    used 627K, capacity 656K, committed 768K, reserved 1048576K
Event: 6.932 GC heap after
Heap after GC invocations=9 (full 1):
 PSYoungGen      total 400896K, used 52728K [0x000000076ab00000, 0x0000000791300000, 0x00000007c0000000)
  eden space 348160K, 0% used [0x000000076ab00000,0x000000076ab00000,0x000000077ff00000)
  from space 52736K, 99% used [0x000000078df80000,0x00000007912fe138,0x0000000791300000)
  to   space 66560K, 0% used [0x0000000789100000,0x0000000789100000,0x000000078d200000)
 ParOldGen       total 174080K, used 96918K [0x00000006c0000000, 0x00000006caa00000, 0x000000076ab00000)
  object space 174080K, 55% used [0x00000006c0000000,0x00000006c5ea5af0,0x00000006caa00000)
 Metaspace       used 6648K, capacity 7320K, committed 7680K, reserved 1056768K
  class space    used 627K, capacity 656K, committed 768K, reserved 1048576K
}
Event: 8.270 GC heap before
{Heap before GC invocations=10 (full 1):
 PSYoungGen      total 400896K, used 400888K [0x000000076ab00000, 0x0000000791300000, 0x00000007c0000000)
  eden space 348160K, 100% used [0x000000076ab00000,0x000000077ff00000,0x000000077ff00000)
  from space 52736K, 99% used [0x000000078df80000,0x00000007912fe138,0x0000000791300000)
  to   space 66560K, 0% used [0x0000000789100000,0x0000000789100000,0x000000078d200000)
 ParOldGen       total 174080K, used 96918K [0x00000006c0000000, 0x00000006caa00000, 0x000000076ab00000)
  object space 174080K, 55% used [0x00000006c0000000,0x00000006c5ea5af0,0x00000006caa00000)
 Metaspace       used 6663K, capacity 7320K, committed 7680K, reserved 1056768K
  class space    used 628K, capacity 656K, committed 768K, reserved 1048576K
Event: 8.532 GC heap after
Heap after GC invocations=10 (full 1):
 PSYoungGen      total 497664K, used 66553K [0x000000076ab00000, 0x0000000790700000, 0x00000007c0000000)
  eden space 431104K, 0% used [0x000000076ab00000,0x000000076ab00000,0x0000000785000000)
  from space 66560K, 99% used [0x0000000789100000,0x000000078d1fe400,0x000000078d200000)
  to   space 54272K, 0% used [0x000000078d200000,0x000000078d200000,0x0000000790700000)
 ParOldGen       total 174080K, used 135676K [0x00000006c0000000, 0x00000006caa00000, 0x000000076ab00000)
  object space 174080K, 77% used [0x00000006c0000000,0x00000006c847f350,0x00000006caa00000)
 Metaspace       used 6663K, capacity 7320K, committed 7680K, reserved 1056768K
  class space    used 628K, capacity 656K, committed 768K, reserved 1048576K
}
Event: 9.846 GC heap before
{Heap before GC invocations=11 (full 1):
 PSYoungGen      total 497664K, used 497657K [0x000000076ab00000, 0x0000000790700000, 0x00000007c0000000)
  eden space 431104K, 100% used [0x000000076ab00000,0x0000000785000000,0x0000000785000000)
  from space 66560K, 99% used [0x0000000789100000,0x000000078d1fe400,0x000000078d200000)
  to   space 54272K, 0% used [0x000000078d200000,0x000000078d200000,0x0000000790700000)
 ParOldGen       total 174080K, used 135676K [0x00000006c0000000, 0x00000006caa00000, 0x000000076ab00000)
  object space 174080K, 77% used [0x00000006c0000000,0x00000006c847f350,0x00000006caa00000)
 Metaspace       used 6677K, capacity 7320K, committed 7680K, reserved 1056768K
  class space    used 628K, capacity 656K, committed 768K, reserved 1048576K
Event: 10.048 GC heap after
Heap after GC invocations=11 (full 1):
 PSYoungGen      total 485376K, used 54245K [0x000000076ab00000, 0x0000000790700000, 0x00000007c0000000)
  eden space 431104K, 0% used [0x000000076ab00000,0x000000076ab00000,0x0000000785000000)
  from space 54272K, 99% used [0x000000078d200000,0x00000007906f9430,0x0000000790700000)
  to   space 66560K, 0% used [0x0000000789100000,0x0000000789100000,0x000000078d200000)
 ParOldGen       total 214016K, used 213573K [0x00000006c0000000, 0x00000006cd100000, 0x000000076ab00000)
  object space 214016K, 99% used [0x00000006c0000000,0x00000006cd0917e0,0x00000006cd100000)
 Metaspace       used 6677K, capacity 7320K, committed 7680K, reserved 1056768K
  class space    used 628K, capacity 656K, committed 768K, reserved 1048576K
}
Event: 10.048 GC heap before
{Heap before GC invocations=12 (full 2):
 PSYoungGen      total 485376K, used 54245K [0x000000076ab00000, 0x0000000790700000, 0x00000007c0000000)
  eden space 431104K, 0% used [0x000000076ab00000,0x000000076ab00000,0x0000000785000000)
  from space 54272K, 99% used [0x000000078d200000,0x00000007906f9430,0x0000000790700000)
  to   space 66560K, 0% used [0x0000000789100000,0x0000000789100000,0x000000078d200000)
 ParOldGen       total 214016K, used 213573K [0x00000006c0000000, 0x00000006cd100000, 0x000000076ab00000)
  object space 214016K, 99% used [0x00000006c0000000,0x00000006cd0917e0,0x00000006cd100000)
 Metaspace       used 6677K, capacity 7320K, committed 7680K, reserved 1056768K
  class space    used 628K, capacity 656K, committed 768K, reserved 1048576K
Event: 12.036 GC heap after
Heap after GC invocations=12 (full 2):
 PSYoungGen      total 485376K, used 45420K [0x000000076ab00000, 0x0000000790700000, 0x00000007c0000000)
  eden space 431104K, 0% used [0x000000076ab00000,0x000000076ab00000,0x0000000785000000)
  from space 54272K, 83% used [0x000000078d200000,0x000000078fe5b1b8,0x0000000790700000)
  to   space 66560K, 0% used [0x0000000789100000,0x0000000789100000,0x000000078d200000)
 ParOldGen       total 367104K, used 213881K [0x00000006c0000000, 0x00000006d6680000, 0x000000076ab00000)
  object space 367104K, 58% used [0x00000006c0000000,0x00000006cd0de6e8,0x00000006d6680000)
 Metaspace       used 6677K, capacity 7320K, committed 7680K, reserved 1056768K
  class space    used 628K, capacity 656K, committed 768K, reserved 1048576K
}

