# JRE version: Java(TM) SE Runtime Environment (8.0_66-b18) (build 1.8.0_66-b18)
# Java VM: Java HotSpot(TM) 64-Bit Server VM (25.66-b18 mixed mode windows-amd64 compressed oops)
Heap:
 PSYoungGen      total 458752K, used 177654K [0x000000076ab00000, 0x0000000795200000, 0x00000007c0000000)
  eden space 444928K, 38% used [0x000000076ab00000,0x00000007752034c0,0x0000000785d80000)
  from space 13824K, 47% used [0x000000078d100000,0x000000078d77a418,0x000000078de80000)
  to   space 118272K, 0% used [0x0000000785d80000,0x0000000785d80000,0x000000078d100000)
 ParOldGen       total 413696K, used 242118K [0x00000006c0000000, 0x00000006d9400000, 0x000000076ab00000)
  object space 413696K, 58% used [0x00000006c0000000,0x00000006cec71870,0x00000006d9400000)
 Metaspace       used 6661K, capacity 7320K, committed 7680K, reserved 1056768K
  class space    used 628K, capacity 656K, committed 768K, reserved 1048576K
GC Heap History (10 events):
Event: 8.049 GC heap before
{Heap before GC invocations=8 (full 1):
 PSYoungGen      total 292864K, used 30696K [0x000000076ab00000, 0x0000000791100000, 0x00000007c0000000)
  eden space 262144K, 0% used [0x000000076ab00000,0x000000076ab00000,0x000000077ab00000)
  from space 30720K, 99% used [0x000000077ab00000,0x000000077c8fa178,0x000000077c900000)
  to   space 52224K, 0% used [0x000000078de00000,0x000000078de00000,0x0000000791100000)
 ParOldGen       total 87552K, used 78757K [0x00000006c0000000, 0x00000006c5580000, 0x000000076ab00000)
  object space 87552K, 89% used [0x00000006c0000000,0x00000006c4ce94b8,0x00000006c5580000)
 Metaspace       used 6560K, capacity 7256K, committed 7424K, reserved 1056768K
  class space    used 622K, capacity 656K, committed 768K, reserved 1048576K
Event: 10.549 GC heap after
Heap after GC invocations=8 (full 1):
 PSYoungGen      total 292864K, used 16297K [0x000000076ab00000, 0x0000000791100000, 0x00000007c0000000)
  eden space 262144K, 0% used [0x000000076ab00000,0x000000076ab00000,0x000000077ab00000)
  from space 30720K, 53% used [0x000000077ab00000,0x000000077baea778,0x000000077c900000)
  to   space 52224K, 0% used [0x000000078de00000,0x000000078de00000,0x0000000791100000)
 ParOldGen       total 177152K, used 87432K [0x00000006c0000000, 0x00000006cad00000, 0x000000076ab00000)
  object space 177152K, 49% used [0x00000006c0000000,0x00000006c55620b8,0x00000006cad00000)
 Metaspace       used 6560K, capacity 7256K, committed 7424K, reserved 1056768K
  class space    used 622K, capacity 656K, committed 768K, reserved 1048576K
}
Event: 12.248 GC heap before
{Heap before GC invocations=9 (full 1):
 PSYoungGen      total 292864K, used 278441K [0x000000076ab00000, 0x0000000791100000, 0x00000007c0000000)
  eden space 262144K, 100% used [0x000000076ab00000,0x000000077ab00000,0x000000077ab00000)
  from space 30720K, 53% used [0x000000077ab00000,0x000000077baea778,0x000000077c900000)
  to   space 52224K, 0% used [0x000000078de00000,0x000000078de00000,0x0000000791100000)
 ParOldGen       total 177152K, used 87432K [0x00000006c0000000, 0x00000006cad00000, 0x000000076ab00000)
  object space 177152K, 49% used [0x00000006c0000000,0x00000006c55620b8,0x00000006cad00000)
 Metaspace       used 6634K, capacity 7320K, committed 7680K, reserved 1056768K
  class space    used 627K, capacity 656K, committed 768K, reserved 1048576K
Event: 12.522 GC heap after
Heap after GC invocations=9 (full 1):
 PSYoungGen      total 384000K, used 52222K [0x000000076ab00000, 0x0000000791100000, 0x00000007c0000000)
  eden space 331776K, 0% used [0x000000076ab00000,0x000000076ab00000,0x000000077ef00000)
  from space 52224K, 99% used [0x000000078de00000,0x00000007910ff9d8,0x0000000791100000)
  to   space 65536K, 0% used [0x0000000789100000,0x0000000789100000,0x000000078d100000)
 ParOldGen       total 177152K, used 96088K [0x00000006c0000000, 0x00000006cad00000, 0x000000076ab00000)
  object space 177152K, 54% used [0x00000006c0000000,0x00000006c5dd6180,0x00000006cad00000)
 Metaspace       used 6634K, capacity 7320K, committed 7680K, reserved 1056768K
  class space    used 627K, capacity 656K, committed 768K, reserved 1048576K
}
Event: 15.107 GC heap before
{Heap before GC invocations=10 (full 1):
 PSYoungGen      total 384000K, used 383998K [0x000000076ab00000, 0x0000000791100000, 0x00000007c0000000)
  eden space 331776K, 100% used [0x000000076ab00000,0x000000077ef00000,0x000000077ef00000)
  from space 52224K, 99% used [0x000000078de00000,0x00000007910ff9d8,0x0000000791100000)
  to   space 65536K, 0% used [0x0000000789100000,0x0000000789100000,0x000000078d100000)
 ParOldGen       total 177152K, used 96088K [0x00000006c0000000, 0x00000006cad00000, 0x000000076ab00000)
  object space 177152K, 54% used [0x00000006c0000000,0x00000006c5dd6180,0x00000006cad00000)
 Metaspace       used 6642K, capacity 7320K, committed 7680K, reserved 1056768K
  class space    used 627K, capacity 656K, committed 768K, reserved 1048576K
Event: 15.498 GC heap after
Heap after GC invocations=10 (full 1):
 PSYoungGen      total 455168K, used 65524K [0x000000076ab00000, 0x000000078de80000, 0x00000007c0000000)
  eden space 389632K, 0% used [0x000000076ab00000,0x000000076ab00000,0x0000000782780000)
  from space 65536K, 99% used [0x0000000789100000,0x000000078d0fd2a8,0x000000078d100000)
  to   space 13824K, 0% used [0x000000078d100000,0x000000078d100000,0x000000078de80000)
 ParOldGen       total 177152K, used 132687K [0x00000006c0000000, 0x00000006cad00000, 0x000000076ab00000)
  object space 177152K, 74% used [0x00000006c0000000,0x00000006c8193fa8,0x00000006cad00000)
 Metaspace       used 6642K, capacity 7320K, committed 7680K, reserved 1056768K
  class space    used 627K, capacity 656K, committed 768K, reserved 1048576K
}
Event: 18.016 GC heap before
{Heap before GC invocations=11 (full 1):
 PSYoungGen      total 455168K, used 455156K [0x000000076ab00000, 0x000000078de80000, 0x00000007c0000000)
  eden space 389632K, 100% used [0x000000076ab00000,0x0000000782780000,0x0000000782780000)
  from space 65536K, 99% used [0x0000000789100000,0x000000078d0fd2a8,0x000000078d100000)
  to   space 13824K, 0% used [0x000000078d100000,0x000000078d100000,0x000000078de80000)
 ParOldGen       total 177152K, used 132687K [0x00000006c0000000, 0x00000006cad00000, 0x000000076ab00000)
  object space 177152K, 74% used [0x00000006c0000000,0x00000006c8193fa8,0x00000006cad00000)
 Metaspace       used 6655K, capacity 7320K, committed 7680K, reserved 1056768K
  class space    used 628K, capacity 656K, committed 768K, reserved 1048576K
Event: 18.323 GC heap after
Heap after GC invocations=11 (full 1):
 PSYoungGen      total 458752K, used 13819K [0x000000076ab00000, 0x0000000795200000, 0x00000007c0000000)
  eden space 444928K, 0% used [0x000000076ab00000,0x000000076ab00000,0x0000000785d80000)
  from space 13824K, 99% used [0x000000078d100000,0x000000078de7ee98,0x000000078de80000)
  to   space 118272K, 0% used [0x0000000785d80000,0x0000000785d80000,0x000000078d100000)
 ParOldGen       total 242176K, used 241848K [0x00000006c0000000, 0x00000006cec80000, 0x000000076ab00000)
  object space 242176K, 99% used [0x00000006c0000000,0x00000006cec2e058,0x00000006cec80000)
 Metaspace       used 6655K, capacity 7320K, committed 7680K, reserved 1056768K
  class space    used 628K, capacity 656K, committed 768K, reserved 1048576K
}
Event: 18.323 GC heap before
{Heap before GC invocations=12 (full 2):
 PSYoungGen      total 458752K, used 13819K [0x000000076ab00000, 0x0000000795200000, 0x00000007c0000000)
  eden space 444928K, 0% used [0x000000076ab00000,0x000000076ab00000,0x0000000785d80000)
  from space 13824K, 99% used [0x000000078d100000,0x000000078de7ee98,0x000000078de80000)
  to   space 118272K, 0% used [0x0000000785d80000,0x0000000785d80000,0x000000078d100000)
 ParOldGen       total 242176K, used 241848K [0x00000006c0000000, 0x00000006cec80000, 0x000000076ab00000)
  object space 242176K, 99% used [0x00000006c0000000,0x00000006cec2e058,0x00000006cec80000)
 Metaspace       used 6655K, capacity 7320K, committed 7680K, reserved 1056768K
  class space    used 628K, capacity 656K, committed 768K, reserved 1048576K
Event: 22.390 GC heap after
Heap after GC invocations=12 (full 2):
 PSYoungGen      total 458752K, used 6633K [0x000000076ab00000, 0x0000000795200000, 0x00000007c0000000)
  eden space 444928K, 0% used [0x000000076ab00000,0x000000076ab00000,0x0000000785d80000)
  from space 13824K, 47% used [0x000000078d100000,0x000000078d77a418,0x000000078de80000)
  to   space 118272K, 0% used [0x0000000785d80000,0x0000000785d80000,0x000000078d100000)
 ParOldGen       total 413696K, used 242118K [0x00000006c0000000, 0x00000006d9400000, 0x000000076ab00000)
  object space 413696K, 58% used [0x00000006c0000000,0x00000006cec71870,0x00000006d9400000)
 Metaspace       used 6655K, capacity 7320K, committed 7680K, reserved 1056768K
  class space    used 628K, capacity 656K, committed 768K, reserved 1048576K
}

